::1 - - [20/Feb/2018:15:58:02 +0000] "GET /test/ HTTP/1.1" 200 8
::1 - - [20/Feb/2018:15:58:03 +0000] "GET /test/ HTTP/1.1" 200 8
::1 - - [20/Feb/2018:15:58:04 +0000] "GET /test/ HTTP/1.1" 200 8
::1 - - [20/Feb/2018:15:58:23 +0000] "GET /test/gf HTTP/1.1" 200 14
::1 - - [20/Feb/2018:15:58:25 +0000] "GET /test/gf/Rdgfhfghjghkjhjkhjkhjk HTTP/1.1" 404 169
::1 - - [20/Feb/2018:16:59:13 +0000] "GET /test/gf/Rdgfhfghjghkjhjkhjkhjk HTTP/1.1" 404 169
::1 - - [20/Feb/2018:16:59:14 +0000] "GET /test/gf/Rdgfhfghjghkjhjkhjkhjk HTTP/1.1" 404 169
::1 - - [20/Feb/2018:17:00:11 +0000] "GET /test/gf HTTP/1.1" 200 30
::1 - - [20/Feb/2018:17:02:06 +0000] "GET /test/gf HTTP/1.1" 200 30
::1 - - [20/Feb/2018:17:02:16 +0000] "GET /test/gf HTTP/1.1" 200 30
::1 - - [20/Feb/2018:17:02:23 +0000] "GET /test/ HTTP/1.1" 200 8
::ffff:127.0.0.1 - - [20/Feb/2018:17:09:25 +0000] "GET /test/ HTTP/1.1" 200 8
::ffff:127.0.0.1 - - [20/Feb/2018:17:09:25 +0000] "GET /test/ HTTP/1.1" 200 8
::ffff:127.0.0.1 - - [20/Feb/2018:17:10:33 +0000] "GET /test/ HTTP/1.1" 200 8
::ffff:127.0.0.1 - - [20/Feb/2018:17:10:33 +0000] "GET /test/ HTTP/1.1" 200 8
::1 - - [20/Feb/2018:18:50:25 +0000] "GET /test/ HTTP/1.1" 200 8
::1 - - [20/Feb/2018:18:50:26 +0000] "GET /test/ HTTP/1.1" 200 8
::1 - - [20/Feb/2018:19:04:49 +0000] "GET /test/ HTTP/1.1" 200 8
::1 - - [27/Feb/2018:14:30:08 +0000] "GET / HTTP/1.1" 404 139
::1 - - [27/Feb/2018:14:30:16 +0000] "GET /comercio HTTP/1.1" 200 12
::1 - - [27/Feb/2018:14:30:22 +0000] "GET /contribuyente HTTP/1.1" 200 17
::1 - - [27/Feb/2018:14:39:44 +0000] "POST /contribuyente HTTP/1.1" 200 18
